<?xml version="1.0" encoding="UTF-8"?>
<!-- Generated by org.testng.reporters.JUnitReportReporter -->
<testsuite skipped="0" hostname="DESKTOP-4P6D4RR" name="userinterface.UITestcases" tests="4" failures="0" timestamp="15 Apr 2018 02:21:39 GMT" time="12.291" errors="0">
  <testcase name="Login" time="10.315" classname="userinterface.UITestcases"/>
  <testcase name="Search" time="1.236" classname="userinterface.UITestcases"/>
  <testcase name="VerifyNameChange" time="0.040" classname="userinterface.UITestcases"/>
  <testcase name="VerifyDeletion" time="0.700" classname="userinterface.UITestcases"/>
</testsuite> <!-- userinterface.UITestcases -->
