<?xml version="1.0" encoding="UTF-8"?>
<!-- Generated by org.testng.reporters.JUnitReportReporter -->
<testsuite skipped="0" hostname="DESKTOP-4P6D4RR" name="userinterface.APItestcases" tests="4" failures="0" timestamp="15 Apr 2018 02:21:00 GMT" time="19.850" errors="0">
  <testcase name="craigssite" time="5.826" classname="userinterface.APItestcases"/>
  <testcase name="Search" time="11.664" classname="userinterface.APItestcases"/>
  <testcase name="Savesearch" time="2.169" classname="userinterface.APItestcases"/>
  <testcase name="Verifysearch" time="0.191" classname="userinterface.APItestcases"/>
</testsuite> <!-- userinterface.APItestcases -->
